<?xml version="1.0" encoding="UTF-8"?>
<!-- Generated by org.testng.reporters.JUnitXMLReporter -->
<testsuite ignored="0" hostname="Srujani-PC" failures="0" tests="3" name="Test3" time="38.669" errors="0" timestamp="2023-07-22T15:09:30 BST">
  <testcase classname="Test3" name="login" time="0.0">
    <skipped/>
  </testcase> <!-- login -->
  <testcase classname="Test3" name="password" time="0.0">
    <skipped/>
  </testcase> <!-- password -->
  <testcase classname="Test3" name="compare" time="0.0">
    <skipped/>
  </testcase> <!-- compare -->
</testsuite> <!-- Test3 -->
